<?xml version="1.0" encoding="UTF-8"?>
<testng-results skipped="0" failed="0" total="1" passed="1">
  <reporter-output>
  </reporter-output>
  <suite name="Default suite" duration-ms="10049" started-at="2018-03-04T12:27:55Z" finished-at="2018-03-04T12:28:05Z">
    <groups>
    </groups>
    <test name="Default test" duration-ms="10049" started-at="2018-03-04T12:27:55Z" finished-at="2018-03-04T12:28:05Z">
      <class name="TestTest">
        <test-method status="PASS" signature="webAppTest()[pri:0, instance:TestTest@3701eaf6]" name="webAppTest" duration-ms="10019" started-at="2018-03-04T23:27:55Z" finished-at="2018-03-04T23:28:05Z">
          <reporter-output>
          </reporter-output>
        </test-method> <!-- webAppTest -->
      </class> <!-- TestTest -->
    </test> <!-- Default test -->
  </suite> <!-- Default suite -->
</testng-results>
